2023-08-10 14:13:59.928 [restartedMain] WARN  [,] c.b.mybatisplus.core.metadata.TableInfoHelper - Can not find table primary key in Class: "com.benewake.saleordersystem.entity.InquiryCode".
2023-08-10 14:13:59.930 [restartedMain] WARN  [,] c.b.mybatisplus.core.injector.DefaultSqlInjector - class com.benewake.saleordersystem.entity.InquiryCode ,Not found @TableId annotation, Cannot use Mybatis-Plus 'xxById' Method.
2023-08-10 14:13:59.952 [restartedMain] WARN  [,] c.b.mybatisplus.core.metadata.TableInfoHelper - Can not find table primary key in Class: "java.util.Map".
2023-08-10 14:13:59.952 [restartedMain] WARN  [,] c.b.mybatisplus.core.injector.DefaultSqlInjector - interface java.util.Map ,Not found @TableId annotation, Cannot use Mybatis-Plus 'xxById' Method.
2023-08-10 14:14:01.248 [restartedMain] WARN  [,] c.b.mybatisplus.core.metadata.TableInfoHelper - Can not find table primary key in Class: "com.benewake.saleordersystem.entity.Past.PastPredictionCompany".
2023-08-10 14:14:01.249 [restartedMain] WARN  [,] c.b.mybatisplus.core.injector.DefaultSqlInjector - class com.benewake.saleordersystem.entity.Past.PastPredictionCompany ,Not found @TableId annotation, Cannot use Mybatis-Plus 'xxById' Method.
2023-08-10 14:17:36.721 [http-nio-8080-exec-7] WARN  [,] o.s.w.s.m.support.DefaultHandlerExceptionResolver - Resolved [org.springframework.web.HttpRequestMethodNotSupportedException: Request method 'GET' not supported]
2023-08-10 14:24:12.249 [restartedMain] WARN  [,] c.b.mybatisplus.core.metadata.TableInfoHelper - Can not find table primary key in Class: "com.benewake.saleordersystem.entity.InquiryCode".
2023-08-10 14:24:12.250 [restartedMain] WARN  [,] c.b.mybatisplus.core.injector.DefaultSqlInjector - class com.benewake.saleordersystem.entity.InquiryCode ,Not found @TableId annotation, Cannot use Mybatis-Plus 'xxById' Method.
2023-08-10 14:24:12.273 [restartedMain] WARN  [,] c.b.mybatisplus.core.metadata.TableInfoHelper - Can not find table primary key in Class: "java.util.Map".
2023-08-10 14:24:12.273 [restartedMain] WARN  [,] c.b.mybatisplus.core.injector.DefaultSqlInjector - interface java.util.Map ,Not found @TableId annotation, Cannot use Mybatis-Plus 'xxById' Method.
2023-08-10 14:24:13.563 [restartedMain] WARN  [,] c.b.mybatisplus.core.metadata.TableInfoHelper - Can not find table primary key in Class: "com.benewake.saleordersystem.entity.Past.PastPredictionCompany".
2023-08-10 14:24:13.563 [restartedMain] WARN  [,] c.b.mybatisplus.core.injector.DefaultSqlInjector - class com.benewake.saleordersystem.entity.Past.PastPredictionCompany ,Not found @TableId annotation, Cannot use Mybatis-Plus 'xxById' Method.
2023-08-10 14:24:17.234 [http-nio-8080-exec-1] WARN  [,] o.s.w.s.m.support.DefaultHandlerExceptionResolver - Resolved [org.springframework.web.HttpRequestMethodNotSupportedException: Request method 'GET' not supported]
2023-08-10 14:26:14.973 [http-nio-8080-exec-6] WARN  [,] o.s.w.s.m.support.DefaultHandlerExceptionResolver - Resolved [org.springframework.web.HttpRequestMethodNotSupportedException: Request method 'GET' not supported]
2023-08-10 14:26:40.881 [http-nio-8080-exec-6] WARN  [,] o.s.w.s.m.m.a.ExceptionHandlerExceptionResolver - Resolved [org.mybatis.spring.MyBatisSystemException: nested exception is org.apache.ibatis.exceptions.PersistenceException: 
### Error querying database.  Cause: org.springframework.jdbc.CannotGetJdbcConnectionException: Failed to obtain JDBC Connection; nested exception is com.mysql.cj.jdbc.exceptions.CommunicationsException: Communications link failure

The last packet sent successfully to the server was 0 milliseconds ago. The driver has not received any packets from the server.
### The error may exist in com/benewake/saleordersystem/mapper/LoginTicketMapper.java (best guess)
### The error may involve com.benewake.saleordersystem.mapper.LoginTicketMapper.selectList
### The error occurred while executing a query
### Cause: org.springframework.jdbc.CannotGetJdbcConnectionException: Failed to obtain JDBC Connection; nested exception is com.mysql.cj.jdbc.exceptions.CommunicationsException: Communications link failure

The last packet sent successfully to the server was 0 milliseconds ago. The driver has not received any packets from the server.]
2023-08-10 14:27:02.891 [http-nio-8080-exec-3] WARN  [,] o.s.w.s.m.m.a.ExceptionHandlerExceptionResolver - Resolved [org.mybatis.spring.MyBatisSystemException: nested exception is org.apache.ibatis.exceptions.PersistenceException: 
### Error querying database.  Cause: org.springframework.jdbc.CannotGetJdbcConnectionException: Failed to obtain JDBC Connection; nested exception is com.mysql.cj.jdbc.exceptions.CommunicationsException: Communications link failure

The last packet sent successfully to the server was 0 milliseconds ago. The driver has not received any packets from the server.
### The error may exist in com/benewake/saleordersystem/mapper/LoginTicketMapper.java (best guess)
### The error may involve com.benewake.saleordersystem.mapper.LoginTicketMapper.selectList
### The error occurred while executing a query
### Cause: org.springframework.jdbc.CannotGetJdbcConnectionException: Failed to obtain JDBC Connection; nested exception is com.mysql.cj.jdbc.exceptions.CommunicationsException: Communications link failure

The last packet sent successfully to the server was 0 milliseconds ago. The driver has not received any packets from the server.]
2023-08-10 14:28:53.182 [http-nio-8080-exec-8] WARN  [,] o.s.w.s.m.m.a.ExceptionHandlerExceptionResolver - Resolved [org.mybatis.spring.MyBatisSystemException: nested exception is org.apache.ibatis.exceptions.PersistenceException: 
### Error querying database.  Cause: org.springframework.jdbc.CannotGetJdbcConnectionException: Failed to obtain JDBC Connection; nested exception is com.mysql.cj.jdbc.exceptions.CommunicationsException: Communications link failure

The last packet sent successfully to the server was 0 milliseconds ago. The driver has not received any packets from the server.
### The error may exist in com/benewake/saleordersystem/mapper/LoginTicketMapper.java (best guess)
### The error may involve com.benewake.saleordersystem.mapper.LoginTicketMapper.selectList
### The error occurred while executing a query
### Cause: org.springframework.jdbc.CannotGetJdbcConnectionException: Failed to obtain JDBC Connection; nested exception is com.mysql.cj.jdbc.exceptions.CommunicationsException: Communications link failure

The last packet sent successfully to the server was 0 milliseconds ago. The driver has not received any packets from the server.]
2023-08-10 14:29:15.240 [http-nio-8080-exec-7] WARN  [,] o.s.w.s.m.m.a.ExceptionHandlerExceptionResolver - Resolved [org.mybatis.spring.MyBatisSystemException: nested exception is org.apache.ibatis.exceptions.PersistenceException: 
### Error querying database.  Cause: org.springframework.jdbc.CannotGetJdbcConnectionException: Failed to obtain JDBC Connection; nested exception is com.mysql.cj.jdbc.exceptions.CommunicationsException: Communications link failure

The last packet sent successfully to the server was 0 milliseconds ago. The driver has not received any packets from the server.
### The error may exist in com/benewake/saleordersystem/mapper/LoginTicketMapper.java (best guess)
### The error may involve com.benewake.saleordersystem.mapper.LoginTicketMapper.selectList
### The error occurred while executing a query
### Cause: org.springframework.jdbc.CannotGetJdbcConnectionException: Failed to obtain JDBC Connection; nested exception is com.mysql.cj.jdbc.exceptions.CommunicationsException: Communications link failure

The last packet sent successfully to the server was 0 milliseconds ago. The driver has not received any packets from the server.]
2023-08-10 14:29:37.297 [http-nio-8080-exec-10] WARN  [,] o.s.w.s.m.m.a.ExceptionHandlerExceptionResolver - Resolved [org.mybatis.spring.MyBatisSystemException: nested exception is org.apache.ibatis.exceptions.PersistenceException: 
### Error querying database.  Cause: org.springframework.jdbc.CannotGetJdbcConnectionException: Failed to obtain JDBC Connection; nested exception is com.mysql.cj.jdbc.exceptions.CommunicationsException: Communications link failure

The last packet sent successfully to the server was 0 milliseconds ago. The driver has not received any packets from the server.
### The error may exist in com/benewake/saleordersystem/mapper/LoginTicketMapper.java (best guess)
### The error may involve com.benewake.saleordersystem.mapper.LoginTicketMapper.selectList
### The error occurred while executing a query
### Cause: org.springframework.jdbc.CannotGetJdbcConnectionException: Failed to obtain JDBC Connection; nested exception is com.mysql.cj.jdbc.exceptions.CommunicationsException: Communications link failure

The last packet sent successfully to the server was 0 milliseconds ago. The driver has not received any packets from the server.]
2023-08-10 15:04:59.998 [restartedMain] WARN  [,] c.b.mybatisplus.core.metadata.TableInfoHelper - Can not find table primary key in Class: "com.benewake.saleordersystem.entity.InquiryCode".
2023-08-10 15:04:59.998 [restartedMain] WARN  [,] c.b.mybatisplus.core.injector.DefaultSqlInjector - class com.benewake.saleordersystem.entity.InquiryCode ,Not found @TableId annotation, Cannot use Mybatis-Plus 'xxById' Method.
2023-08-10 15:05:00.029 [restartedMain] WARN  [,] c.b.mybatisplus.core.metadata.TableInfoHelper - Can not find table primary key in Class: "java.util.Map".
2023-08-10 15:05:00.030 [restartedMain] WARN  [,] c.b.mybatisplus.core.injector.DefaultSqlInjector - interface java.util.Map ,Not found @TableId annotation, Cannot use Mybatis-Plus 'xxById' Method.
2023-08-10 15:05:01.944 [restartedMain] WARN  [,] c.b.mybatisplus.core.metadata.TableInfoHelper - Can not find table primary key in Class: "com.benewake.saleordersystem.entity.Past.PastPredictionCompany".
2023-08-10 15:05:01.944 [restartedMain] WARN  [,] c.b.mybatisplus.core.injector.DefaultSqlInjector - class com.benewake.saleordersystem.entity.Past.PastPredictionCompany ,Not found @TableId annotation, Cannot use Mybatis-Plus 'xxById' Method.
2023-08-10 15:06:12.531 [http-nio-8080-exec-4] WARN  [,] o.s.w.s.m.support.DefaultHandlerExceptionResolver - Resolved [org.springframework.web.HttpRequestMethodNotSupportedException: Request method 'GET' not supported]
2023-08-10 15:06:51.162 [http-nio-8080-exec-4] WARN  [,] o.s.w.s.m.m.a.ExceptionHandlerExceptionResolver - Resolved [org.mybatis.spring.MyBatisSystemException: nested exception is org.apache.ibatis.exceptions.PersistenceException: 
### Error querying database.  Cause: org.springframework.jdbc.CannotGetJdbcConnectionException: Failed to obtain JDBC Connection; nested exception is com.mysql.cj.jdbc.exceptions.CommunicationsException: Communications link failure

The last packet sent successfully to the server was 0 milliseconds ago. The driver has not received any packets from the server.
### The error may exist in com/benewake/saleordersystem/mapper/LoginTicketMapper.java (best guess)
### The error may involve com.benewake.saleordersystem.mapper.LoginTicketMapper.selectList
### The error occurred while executing a query
### Cause: org.springframework.jdbc.CannotGetJdbcConnectionException: Failed to obtain JDBC Connection; nested exception is com.mysql.cj.jdbc.exceptions.CommunicationsException: Communications link failure

The last packet sent successfully to the server was 0 milliseconds ago. The driver has not received any packets from the server.]
2023-08-10 15:07:13.209 [http-nio-8080-exec-3] WARN  [,] o.s.w.s.m.m.a.ExceptionHandlerExceptionResolver - Resolved [org.mybatis.spring.MyBatisSystemException: nested exception is org.apache.ibatis.exceptions.PersistenceException: 
### Error querying database.  Cause: org.springframework.jdbc.CannotGetJdbcConnectionException: Failed to obtain JDBC Connection; nested exception is com.mysql.cj.jdbc.exceptions.CommunicationsException: Communications link failure

The last packet sent successfully to the server was 0 milliseconds ago. The driver has not received any packets from the server.
### The error may exist in com/benewake/saleordersystem/mapper/LoginTicketMapper.java (best guess)
### The error may involve com.benewake.saleordersystem.mapper.LoginTicketMapper.selectList
### The error occurred while executing a query
### Cause: org.springframework.jdbc.CannotGetJdbcConnectionException: Failed to obtain JDBC Connection; nested exception is com.mysql.cj.jdbc.exceptions.CommunicationsException: Communications link failure

The last packet sent successfully to the server was 0 milliseconds ago. The driver has not received any packets from the server.]
2023-08-10 15:07:35.262 [http-nio-8080-exec-2] WARN  [,] o.s.w.s.m.m.a.ExceptionHandlerExceptionResolver - Resolved [org.mybatis.spring.MyBatisSystemException: nested exception is org.apache.ibatis.exceptions.PersistenceException: 
### Error querying database.  Cause: org.springframework.jdbc.CannotGetJdbcConnectionException: Failed to obtain JDBC Connection; nested exception is com.mysql.cj.jdbc.exceptions.CommunicationsException: Communications link failure

The last packet sent successfully to the server was 0 milliseconds ago. The driver has not received any packets from the server.
### The error may exist in com/benewake/saleordersystem/mapper/LoginTicketMapper.java (best guess)
### The error may involve com.benewake.saleordersystem.mapper.LoginTicketMapper.selectList
### The error occurred while executing a query
### Cause: org.springframework.jdbc.CannotGetJdbcConnectionException: Failed to obtain JDBC Connection; nested exception is com.mysql.cj.jdbc.exceptions.CommunicationsException: Communications link failure

The last packet sent successfully to the server was 0 milliseconds ago. The driver has not received any packets from the server.]
2023-08-10 22:55:11.726 [restartedMain] WARN  [,] c.b.mybatisplus.core.metadata.TableInfoHelper - Can not find table primary key in Class: "com.benewake.saleordersystem.entity.InquiryCode".
2023-08-10 22:55:11.739 [restartedMain] WARN  [,] c.b.mybatisplus.core.injector.DefaultSqlInjector - class com.benewake.saleordersystem.entity.InquiryCode ,Not found @TableId annotation, Cannot use Mybatis-Plus 'xxById' Method.
2023-08-10 22:55:11.778 [restartedMain] WARN  [,] c.b.mybatisplus.core.metadata.TableInfoHelper - Can not find table primary key in Class: "java.util.Map".
2023-08-10 22:55:11.778 [restartedMain] WARN  [,] c.b.mybatisplus.core.injector.DefaultSqlInjector - interface java.util.Map ,Not found @TableId annotation, Cannot use Mybatis-Plus 'xxById' Method.
2023-08-10 22:55:13.887 [restartedMain] WARN  [,] c.b.mybatisplus.core.metadata.TableInfoHelper - Can not find table primary key in Class: "com.benewake.saleordersystem.entity.Past.PastPredictionCompany".
2023-08-10 22:55:13.887 [restartedMain] WARN  [,] c.b.mybatisplus.core.injector.DefaultSqlInjector - class com.benewake.saleordersystem.entity.Past.PastPredictionCompany ,Not found @TableId annotation, Cannot use Mybatis-Plus 'xxById' Method.
2023-08-10 22:55:14.057 [restartedMain] WARN  [,] o.s.b.w.s.c.AnnotationConfigServletWebServerApplicationContext - Exception encountered during context initialization - cancelling refresh attempt: org.springframework.context.ApplicationContextException: Failed to start bean 'webServerStartStop'; nested exception is org.springframework.boot.web.server.PortInUseException: Port 8080 is already in use
